# Version history at 2015/07/01 13:56:18
5.0.0 1e70fc6f15 Geoff McLane Tue Jun 30 19:59:00 2015 +0200
4.9.37 daef037156 Geoff McLane Wed Jun 24 13:12:31 2015 +0200
4.9.36 b65988c95a Geoff McLane Sun Jun 21 19:50:56 2015 +0200
4.9.35 7b7fbce9ab Geoff McLane Tue Jun 9 12:32:26 2015 +0200
4.9.34 bea5bb700f Geoff McLane Mon Jun 8 13:53:38 2015 +0200
4.9.33 f67300963e Geoff McLane Sat Jun 6 11:06:37 2015 +0200
4.9.32 544f9876cc Geoff McLane Thu Jun 4 13:21:00 2015 +0200
4.9.31 0c96ed8af4 Geoff McLane Wed Jun 3 20:27:01 2015 +0200
4.9.30 dde78c2dbf Geoff McLane Sun May 24 15:23:59 2015 +0200
4.9.29 3686bc5390 Geoff McLane Fri May 22 16:22:27 2015 +0200
4.9.28wt 3f33ba2d88 Geoff McLane Fri May 15 16:17:46 2015 +0200
4.9.28 1c9970deb4 Geoff McLane Wed May 13 12:37:20 2015 +0200
4.9.27 d8a4498803 Geoff McLane Tue May 12 13:18:16 2015 +0200
4.9.26 6b66b65ec8 Geoff McLane Wed Apr 22 21:27:23 2015 +0200
4.9.25 f5eb2cf26a Geoff McLane Sat Apr 11 15:22:55 2015 +0200
4.9.24 ca06201c3a Geoff McLane Wed Apr 8 18:47:08 2015 +0200
4.9.23 3585d4c31a Geoff McLane Thu Mar 19 19:14:27 2015 +0100
4.9.22 47df5fddbc Geoff McLane Thu Mar 19 16:32:19 2015 +0100
4.9.21 09fa036b31 Geoff McLane Fri Mar 13 19:48:31 2015 +0100
4.9.20 90c9e81ba1 Geoff McLane Fri Mar 6 19:14:24 2015 +0100
4.9.19 7ffcce2241 Geoff McLane Fri Mar 6 13:09:12 2015 +0100
4.9.18 2e383c6029 Geoff McLane Sat Feb 28 20:32:38 2015 +0100
4.9.17 a9361a1c5b Geoff McLane Tue Feb 24 17:53:58 2015 +0100
4.9.16 25d38e1dcf Geoff McLane Tue Feb 24 15:07:36 2015 +0100
4.9.15 7bf364624f Geoff McLane Thu Feb 12 15:38:06 2015 +0100
4.9.14 8b362b5f37 Geoff McLane Tue Feb 10 15:30:35 2015 +0100
4.9.13 97470ce459 Geoff McLane Sat Feb 7 13:57:31 2015 +0100
4.9.12 0cf21fb559 Geoff McLane Sat Feb 7 13:43:09 2015 +0100
4.9.11 bef3b08c18 Geoff McLane Fri Feb 6 19:26:45 2015 +0100
4.9.10 906d858f9e Geoff McLane Thu Feb 5 19:03:25 2015 +0100
4.9.9 383a901990 Geoff McLane Thu Feb 5 12:22:14 2015 +0100
4.9.8 5f470763c5 Geoff McLane Tue Feb 3 13:39:51 2015 +0100
4.9.7 d38c5c5d78 Geoff McLane Mon Feb 2 17:37:49 2015 +0100
4.9.6 201f3cb49e Geoff McLane Sun Feb 1 18:36:30 2015 +0100
4.9.5 8497326dc3 Geoff McLane Sun Feb 1 16:08:31 2015 +0100
4.9.4 22a3924484 Geoff McLane Sun Feb 1 14:39:51 2015 +0100
4.9.3 de97628f8f Jim Derry Sun Feb 1 14:20:41 2015 +0800
4.9.3 362c71ee2e Jim Derry Sat Jan 31 18:11:26 2015 +0800
4.9.2 e2cbd9e89f Geoff McLane Thu Jan 29 18:25:57 2015 +0100
# eof
