# Version history at 2016/04/07
5.1.52 0db9b32e22 Geoff McLane Mon Apr 4 18:14:33 2016 +0200
5.1.51 3e5e07ea18 Geoff McLane Thu Mar 31 14:50:47 2016 +0200
5.1.50 005f36106a Geoff McLane Wed Mar 30 16:28:45 2016 +0200
5.1.49 c19d221ddc Geoff McLane Wed Mar 30 14:19:07 2016 +0200
5.1.48 aa1fc197d5 Geoff McLane Sun Mar 27 19:57:41 2016 +0200
5.1.47fr fb95ea2ed2 Geoff McLane Wed Mar 23 19:53:51 2016 +0100
5.1.47 3c8d9bf3f6 Geoff McLane Sun Mar 20 01:03:25 2016 +0100
5.1.46 8a31aad0e3 Geoff McLane Sat Mar 19 19:32:39 2016 +0100
5.1.45-Exp3 06215769aa Geoff McLane Fri Mar 18 18:48:08 2016 +0100
5.1.45-Exp2 98f32ddebb Geoff McLane Sun Mar 6 17:38:48 2016 +0100
5.1.45-Exp1 b83d5ffb03 Geoff McLane Sat Mar 5 17:40:32 2016 +0100
5.1.45 b2c591c138 Geoff McLane Fri Mar 4 19:39:21 2016 +0100
5.1.44 1dd06aa4b2 Geoff McLane Mon Feb 29 19:59:41 2016 +0100
5.1.43 9a80938246 Geoff McLane Mon Feb 29 18:49:52 2016 +0100
5.1.42 b41318724c Geoff McLane Wed Feb 24 19:24:46 2016 +0100
5.1.41issue-373 9ba80b864e Geoff McLane Thu Feb 18 15:12:11 2016 +0100
5.1.41 be0e5f3a8b Jim Derry Thu Feb 18 10:20:40 2016 +0800
5.1.40 6c181d5689 Jim Derry Wed Feb 17 12:43:44 2016 +0800
5.1.40 97abad0c05 Jim Derry Tue Feb 16 11:11:36 2016 +0800
5.1.38 7df66c45da Jim Derry Tue Feb 16 10:20:34 2016 +0800
5.1.36_attr_phase2 2ade3357a9 Jim Derry Sat Feb 13 11:31:16 2016 +0800
5.1.36_attr_phase1 429703dce4 Jim Derry Fri Feb 12 19:34:19 2016 +0800
5.1.36 0f3cab930a Geoff McLane Mon Feb 1 20:10:23 2016 +0100
5.1.35 e8ca2aa5f3 Geoff McLane Mon Feb 1 19:45:43 2016 +0100
5.1.34 dca50d4077 Jim Derry Sat Jan 30 16:02:00 2016 +0800
5.1.33localizing d505869910 Jim Derry Fri Jan 15 12:06:15 2016 +0800
5.1.33 ce6c7de2d9 Jim Derry Thu Jan 7 11:52:58 2016 +0800
5.1.32 9942856164 Geoff McLane Mon Dec 7 12:42:13 2015 +0100
5.1.31 5f8aac98df Geoff McLane Sat Dec 5 13:02:33 2015 +0100
5.1.30 121fe86bc6 Geoff McLane Fri Dec 4 18:32:48 2015 +0100
5.1.29 34eb16b5da Geoff McLane Thu Dec 3 19:38:13 2015 +0100
5.1.28 4c848c57bc Jim Derry Sun Nov 29 13:24:01 2015 +0800
5.1.28 501c3fb616 Jim Derry Fri Nov 27 09:47:09 2015 +0800
5.1.27 db4f6473ed Geoff McLane Thu Nov 26 00:58:07 2015 +0100
5.1.26 0ef4493ae8 Geoff McLane Tue Nov 24 19:29:52 2015 +0100
5.1.25 2388fb0175 Geoff McLane Sun Nov 22 18:46:00 2015 +0100
5.1.24 496c81c48d Geoff McLane Wed Nov 18 20:02:54 2015 +0100
5.1.23 06e4311189 Geoff McLane Wed Nov 18 17:08:26 2015 +0100
5.1.22 15563fff51 Geoff McLane Mon Nov 16 18:55:20 2015 +0100
5.1.21 c9699d3820 Geoff McLane Sat Nov 14 15:24:19 2015 +0100
5.1.20 e5703803c8 Geoff McLane Thu Nov 5 15:22:21 2015 +0100
5.1.19 9f9ca4c774 Jim Derry Thu Nov 5 09:38:01 2015 +0800
5.1.18 02909b5fe3 Jim Derry Tue Nov 3 11:37:28 2015 +0800
5.1.17 67c86cbe7f Geoff McLane Wed Oct 28 16:11:24 2015 +0100
5.1.16 ba1f1e00be Geoff McLane Tue Oct 20 15:06:05 2015 +0200
5.1.15 a94df6c0f9 Geoff McLane Wed Oct 14 16:57:41 2015 +0200
5.1.14 fa43957b6d Geoff McLane Sun Sep 27 17:38:08 2015 +0200
5.1.13 7cf9fc2906 Geoff McLane Fri Sep 25 13:00:06 2015 +0200
5.1.12 f4113a8643 Geoff McLane Mon Sep 21 12:34:29 2015 +0200
5.1.11 b2118fa09a Geoff McLane Sat Sep 19 14:59:58 2015 +0200
5.1.10 d541405a2a Geoff McLane Wed Sep 16 13:17:50 2015 +0200
5.1.9 1c187f8179 Geoff McLane Thu Sep 10 15:02:38 2015 +0200
5.1.8 87e0e11b49 Geoff McLane Fri Sep 4 15:03:08 2015 +0200
5.1.7 fd056e353b Geoff McLane Sat Aug 22 14:04:38 2015 +0200
5.1.6 5380eb0413 Geoff McLane Sat Aug 22 14:00:56 2015 +0200
5.1.6 1d67dc940a Geoff McLane Mon Aug 10 18:42:58 2015 +0200
5.1.4 4e7c52607c Geoff McLane Fri Jul 31 13:44:46 2015 +0200
5.1.3 6a24f50466 Geoff McLane Thu Jul 30 14:52:07 2015 +0200
5.1.2 750f31704b Geoff McLane Fri Jul 17 19:16:04 2015 +0200
5.1.2 33494a4aea Geoff McLane Tue Jul 14 11:27:15 2015 +0200
5.1.1 7f9df1c746 Geoff McLane Mon Jul 13 12:18:10 2015 +0200
5.1.0 2da67a2bbc Geoff McLane Mon Jul 13 02:08:37 2015 +0200
5.0.0 1e70fc6f15 Geoff McLane Tue Jun 30 19:59:00 2015 +0200
4.9.37 daef037156 Geoff McLane Wed Jun 24 13:12:31 2015 +0200
4.9.36 b65988c95a Geoff McLane Sun Jun 21 19:50:56 2015 +0200
4.9.35 7b7fbce9ab Geoff McLane Tue Jun 9 12:32:26 2015 +0200
4.9.34 bea5bb700f Geoff McLane Mon Jun 8 13:53:38 2015 +0200
4.9.33 f67300963e Geoff McLane Sat Jun 6 11:06:37 2015 +0200
4.9.32 544f9876cc Geoff McLane Thu Jun 4 13:21:00 2015 +0200
4.9.31 0c96ed8af4 Geoff McLane Wed Jun 3 20:27:01 2015 +0200
4.9.30 dde78c2dbf Geoff McLane Sun May 24 15:23:59 2015 +0200
4.9.29 3686bc5390 Geoff McLane Fri May 22 16:22:27 2015 +0200
4.9.28wt 3f33ba2d88 Geoff McLane Fri May 15 16:17:46 2015 +0200
4.9.28 1c9970deb4 Geoff McLane Wed May 13 12:37:20 2015 +0200
4.9.27 d8a4498803 Geoff McLane Tue May 12 13:18:16 2015 +0200
4.9.26 6b66b65ec8 Geoff McLane Wed Apr 22 21:27:23 2015 +0200
4.9.25 f5eb2cf26a Geoff McLane Sat Apr 11 15:22:55 2015 +0200
4.9.24 ca06201c3a Geoff McLane Wed Apr 8 18:47:08 2015 +0200
4.9.23 3585d4c31a Geoff McLane Thu Mar 19 19:14:27 2015 +0100
4.9.22 47df5fddbc Geoff McLane Thu Mar 19 16:32:19 2015 +0100
4.9.21 09fa036b31 Geoff McLane Fri Mar 13 19:48:31 2015 +0100
4.9.20 90c9e81ba1 Geoff McLane Fri Mar 6 19:14:24 2015 +0100
4.9.19 7ffcce2241 Geoff McLane Fri Mar 6 13:09:12 2015 +0100
4.9.18 2e383c6029 Geoff McLane Sat Feb 28 20:32:38 2015 +0100
4.9.17 a9361a1c5b Geoff McLane Tue Feb 24 17:53:58 2015 +0100
4.9.16 25d38e1dcf Geoff McLane Tue Feb 24 15:07:36 2015 +0100
4.9.15 7bf364624f Geoff McLane Thu Feb 12 15:38:06 2015 +0100
4.9.14 8b362b5f37 Geoff McLane Tue Feb 10 15:30:35 2015 +0100
4.9.13 97470ce459 Geoff McLane Sat Feb 7 13:57:31 2015 +0100
4.9.12 0cf21fb559 Geoff McLane Sat Feb 7 13:43:09 2015 +0100
4.9.11 bef3b08c18 Geoff McLane Fri Feb 6 19:26:45 2015 +0100
4.9.10 906d858f9e Geoff McLane Thu Feb 5 19:03:25 2015 +0100
4.9.9 383a901990 Geoff McLane Thu Feb 5 12:22:14 2015 +0100
4.9.8 5f470763c5 Geoff McLane Tue Feb 3 13:39:51 2015 +0100
4.9.7 d38c5c5d78 Geoff McLane Mon Feb 2 17:37:49 2015 +0100
4.9.6 201f3cb49e Geoff McLane Sun Feb 1 18:36:30 2015 +0100
4.9.5 8497326dc3 Geoff McLane Sun Feb 1 16:08:31 2015 +0100
4.9.4 22a3924484 Geoff McLane Sun Feb 1 14:39:51 2015 +0100
4.9.3 de97628f8f Jim Derry Sun Feb 1 14:20:41 2015 +0800
4.9.3 362c71ee2e Jim Derry Sat Jan 31 18:11:26 2015 +0800
4.9.2 e2cbd9e89f Geoff McLane Thu Jan 29 18:25:57 2015 +0100
# eof
